> main()
  > report([12, 3.5, 40])
    > List.filter(<fn(score)>, [12, 3.5, 40])
      > List.filter[0](12)
      < true
      > List.filter[1](3.5)
      < false
      > List.filter[2](40)
      < true
    < [12, 40]
    > List.map(<fn(score)>, [12, 40])
      > List.map[0](12)
        > Text.fromFloat(12)
        < "12"
        > Text.concat("score: ", "12")
        < "score: 12"
      < "score: 12"
      > List.map[1](40)
        > Text.fromFloat(40)
        < "40"
        > Text.concat("score: ", "40")
        < "score: 40"
      < "score: 40"
    < ["score: 12", "score: 40"]
    > Text.toBullets(["score: 12", "score: 40"])
    < "- score: 12\n- score: 40"
  < "- score: 12\n- score: 40"
< "- score: 12\n- score: 40"
